TN:
SF:/usr/include/c++/4.6/bits/locale_facets.h
FN:1076,_ZNKSt5ctypeIcE8do_widenEc
FN:1099,_ZNKSt5ctypeIcE8do_widenEPKcS2_Pc
FN:1125,_ZNKSt5ctypeIcE9do_narrowEcc
FN:1151,_ZNKSt5ctypeIcE9do_narrowEPKcS2_cPc
FNDA:0,_ZNKSt5ctypeIcE8do_widenEc
FNDA:0,_ZNKSt5ctypeIcE8do_widenEPKcS2_Pc
FNDA:0,_ZNKSt5ctypeIcE9do_narrowEcc
FNDA:0,_ZNKSt5ctypeIcE9do_narrowEPKcS2_cPc
FNF:4
FNH:0
DA:1076,0
DA:1077,0
DA:1099,0
DA:1101,0
DA:1102,0
DA:1125,0
DA:1126,0
DA:1151,0
DA:1154,0
DA:1155,0
LF:10
LH:0
end_of_record
SF:/usr/include/c++/4.6/iostream
DA:75,1
LF:1
LH:1
end_of_record
SF:/home/yyang/research/code/btree/cpp/btreeobject.cpp
FN:4,_ZN16BTreeObjectClassC2Ev
FN:8,_ZN16BTreeObjectClassC2Ei
FN:16,_ZN16BTreeObjectClassD2Ev
FN:21,_ZN16BTreeObjectClass6assignEi
FN:27,_ZN16BTreeObjectClass8read_keyEv
FN:33,_ZN16BTreeObjectClass9read_nodeEv
FN:39,_ZN16BTreeObjectClass10read_indexEv
FN:42,_Z41__static_initialization_and_destruction_0ii
FN:42,_GLOBAL__sub_I__ZN16BTreeObjectClassC2Ev
FNDA:471962653,_ZN16BTreeObjectClassC2Ev
FNDA:0,_ZN16BTreeObjectClassC2Ei
FNDA:471962653,_ZN16BTreeObjectClassD2Ev
FNDA:33558528,_ZN16BTreeObjectClass6assignEi
FNDA:0,_ZN16BTreeObjectClass8read_keyEv
FNDA:67108864,_ZN16BTreeObjectClass9read_nodeEv
FNDA:0,_ZN16BTreeObjectClass10read_indexEv
FNDA:1,_GLOBAL__sub_I__ZN16BTreeObjectClassC2Ev
FNDA:1,_Z41__static_initialization_and_destruction_0ii
FNF:9
FNH:6
DA:4,471962653
DA:6,471962653
DA:8,0
DA:10,0
DA:11,0
DA:12,0
DA:13,0
DA:16,471962653
DA:18,471962653
DA:21,33558528
DA:23,33558528
DA:24,33558528
DA:27,0
DA:29,0
DA:33,67108864
DA:35,67108864
DA:39,0
DA:41,0
DA:42,3
LF:19
LH:10
end_of_record
TN:
SF:/home/yyang/research/code/btree/cpp/util.cpp
FN:3,_Z15random_in_rangejj
FNDA:301581224,_Z15random_in_rangejj
FNF:1
FNH:1
DA:3,301581224
DA:5,301581224
DA:7,301581224
DA:9,301581224
DA:10,301581224
DA:11,301581224
DA:15,301581224
DA:16,301581211
DA:18,13
LF:9
LH:9
end_of_record
TN:
SF:/usr/include/c++/4.6/bits/basic_ios.h
FN:48,_ZSt13__check_facetISt5ctypeIcEERKT_PS3_
FN:129,_ZNKSt9basic_iosIcSt11char_traitsIcEE7rdstateEv
FN:149,_ZNSt9basic_iosIcSt11char_traitsIcEE8setstateESt12_Ios_Iostate
FN:441,_ZNKSt9basic_iosIcSt11char_traitsIcEE5widenEc
FNDA:0,_ZSt13__check_facetISt5ctypeIcEERKT_PS3_
FNDA:0,_ZNKSt9basic_iosIcSt11char_traitsIcEE7rdstateEv
FNDA:0,_ZNSt9basic_iosIcSt11char_traitsIcEE8setstateESt12_Ios_Iostate
FNDA:0,_ZNKSt9basic_iosIcSt11char_traitsIcEE5widenEc
FNF:4
FNH:0
DA:48,0
DA:50,0
DA:51,0
DA:52,0
DA:129,0
DA:130,0
DA:149,0
DA:150,0
DA:441,0
DA:442,0
LF:10
LH:0
end_of_record
SF:/usr/include/c++/4.6/bits/char_traits.h
FN:260,_ZNSt11char_traitsIcE6lengthEPKc
FNDA:0,_ZNSt11char_traitsIcE6lengthEPKc
FNF:1
FNH:0
DA:260,0
DA:261,0
LF:2
LH:0
end_of_record
SF:/usr/include/c++/4.6/bits/ios_base.h
FN:159,_ZStorSt12_Ios_IostateS_
FNDA:0,_ZStorSt12_Ios_IostateS_
FNF:1
FNH:0
DA:159,0
DA:160,0
LF:2
LH:0
end_of_record
SF:/usr/include/c++/4.6/bits/locale_facets.h
FN:866,_ZNKSt5ctypeIcE5widenEc
FN:1076,_ZNKSt5ctypeIcE8do_widenEc
FN:1099,_ZNKSt5ctypeIcE8do_widenEPKcS2_Pc
FN:1125,_ZNKSt5ctypeIcE9do_narrowEcc
FN:1151,_ZNKSt5ctypeIcE9do_narrowEPKcS2_cPc
FNDA:0,_ZNKSt5ctypeIcE5widenEc
FNDA:0,_ZNKSt5ctypeIcE8do_widenEc
FNDA:0,_ZNKSt5ctypeIcE8do_widenEPKcS2_Pc
FNDA:0,_ZNKSt5ctypeIcE9do_narrowEcc
FNDA:0,_ZNKSt5ctypeIcE9do_narrowEPKcS2_cPc
FNF:5
FNH:0
DA:866,0
DA:868,0
DA:869,0
DA:870,0
DA:871,0
DA:1076,0
DA:1077,0
DA:1099,0
DA:1101,0
DA:1102,0
DA:1125,0
DA:1126,0
DA:1151,0
DA:1154,0
DA:1155,0
LF:15
LH:0
end_of_record
SF:/usr/include/c++/4.6/iostream
DA:75,1
LF:1
LH:1
end_of_record
SF:/usr/include/c++/4.6/ostream
FN:110,_ZNSolsEPFRSoS_E
FN:510,_ZStlsISt11char_traitsIcEERSt13basic_ostreamIcT_ES5_PKc
FN:543,_ZSt4endlIcSt11char_traitsIcEERSt13basic_ostreamIT_T0_ES6_
FN:564,_ZSt5flushIcSt11char_traitsIcEERSt13basic_ostreamIT_T0_ES6_
FNDA:0,_ZNSolsEPFRSoS_E
FNDA:0,_ZStlsISt11char_traitsIcEERSt13basic_ostreamIcT_ES5_PKc
FNDA:0,_ZSt4endlIcSt11char_traitsIcEERSt13basic_ostreamIT_T0_ES6_
FNDA:0,_ZSt5flushIcSt11char_traitsIcEERSt13basic_ostreamIT_T0_ES6_
FNF:4
FNH:0
DA:110,0
DA:115,0
DA:510,0
DA:512,0
DA:513,0
DA:515,0
DA:517,0
DA:543,0
DA:544,0
DA:564,0
DA:565,0
LF:11
LH:0
end_of_record
SF:/home/yyang/research/code/btree/cpp/btree.cpp
FN:5,_ZN10BTreeClassC2Ei
FN:11,_ZN10BTreeClassD2Ev
FN:17,_ZN10BTreeClass8traverseEv
FN:28,_ZN10BTreeClass5emptyEv
FN:34,_ZN10BTreeClass7min_keyEv
FN:40,_ZN10BTreeClass7max_keyEv
FN:46,_ZN10BTreeClass6heightEv
FN:58,_ZN10BTreeClass6insertEi
FN:81,_ZN10BTreeClass6searchEi
FN:95,_ZN10BTreeClass6removeEi
FN:102,_ZN10BTreeClass15_search_subtreeEP14BTreeNodeClassi
FN:130,_ZN10BTreeClass12_split_childEP14BTreeNodeClassi
FN:171,_ZN10BTreeClass15_insert_nonfullEP14BTreeNodeClassi
FN:203,_ZN10BTreeClass18_pre_descend_childEP14BTreeNodeClassiPv
FN:268,_ZN10BTreeClass13_descend_predEP14BTreeNodeClassPv
FN:292,_ZN10BTreeClass13_descend_succEP14BTreeNodeClassPv
FN:319,_ZN10BTreeClass8_descendEP14BTreeNodeClassiPv
FN:368,_ZN10BTreeClass17_remove_from_leafEP14BTreeNodeClassi
FN:386,_ZN10BTreeClass21_remove_from_non_leafEP14BTreeNodeClassiPv
FN:430,_ZN10BTreeClass9_move_keyEiP14BTreeNodeClassS1_ii
FN:460,_ZN10BTreeClass11_merge_nodeEP14BTreeNodeClassS1_
FN:480,_ZN10BTreeClass20_node_key_shift_leftEP14BTreeNodeClassii
FN:502,_ZN10BTreeClass21_node_key_shift_rightEP14BTreeNodeClassii
FN:524,_ZN10BTreeClass8_minimumEP14BTreeNodeClass
FN:536,_ZN10BTreeClass8_maximumEP14BTreeNodeClass
FN:545,_Z41__static_initialization_and_destruction_0ii
FN:545,_GLOBAL__sub_I__ZN10BTreeClassC2Ei
FNDA:1,_ZN10BTreeClassC2Ei
FNDA:1,_ZN10BTreeClassD2Ev
FNDA:2,_ZN10BTreeClass8traverseEv
FNDA:16386,_ZN10BTreeClass5emptyEv
FNDA:8193,_ZN10BTreeClass7min_keyEv
FNDA:8193,_ZN10BTreeClass7max_keyEv
FNDA:8193,_ZN10BTreeClass6heightEv
FNDA:33559552,_ZN10BTreeClass6insertEi
FNDA:67108864,_ZN10BTreeClass6searchEi
FNDA:33559552,_ZN10BTreeClass6removeEi
FNDA:404853787,_ZN10BTreeClass15_search_subtreeEP14BTreeNodeClassi
FNDA:10448157,_ZN10BTreeClass12_split_childEP14BTreeNodeClassi
FNDA:193342713,_ZN10BTreeClass15_insert_nonfullEP14BTreeNodeClassi
FNDA:140564321,_ZN10BTreeClass18_pre_descend_childEP14BTreeNodeClassiPv
FNDA:10266978,_ZN10BTreeClass13_descend_predEP14BTreeNodeClassPv
FNDA:3797126,_ZN10BTreeClass13_descend_succEP14BTreeNodeClassPv
FNDA:172556053,_ZN10BTreeClass8_descendEP14BTreeNodeClassiPv
FNDA:33559552,_ZN10BTreeClass17_remove_from_leafEP14BTreeNodeClassi
FNDA:12496284,_ZN10BTreeClass21_remove_from_non_leafEP14BTreeNodeClassiPv
FNDA:53029243,_ZN10BTreeClass9_move_keyEiP14BTreeNodeClassS1_ii
FNDA:10448157,_ZN10BTreeClass11_merge_nodeEP14BTreeNodeClassS1_
FNDA:53029243,_ZN10BTreeClass20_node_key_shift_leftEP14BTreeNodeClassii
FNDA:53029243,_ZN10BTreeClass21_node_key_shift_rightEP14BTreeNodeClassii
FNDA:8193,_ZN10BTreeClass8_minimumEP14BTreeNodeClass
FNDA:8193,_ZN10BTreeClass8_maximumEP14BTreeNodeClass
FNDA:1,_GLOBAL__sub_I__ZN10BTreeClassC2Ei
FNDA:1,_Z41__static_initialization_and_destruction_0ii
FNF:27
FNH:27
DA:5,1
DA:7,1
DA:8,1
DA:9,1
DA:11,1
DA:13,1
DA:14,1
DA:17,2
DA:19,2
DA:21,2
DA:22,1
DA:24,1
DA:25,2
DA:28,16386
DA:30,16386
DA:34,8193
DA:36,8193
DA:40,8193
DA:42,8193
DA:46,8193
DA:48,8193
DA:49,8193
DA:51,67087
DA:52,50701
DA:53,50701
DA:56,8193
DA:58,33559552
DA:64,33559552
DA:65,8193
DA:67,33559552
DA:69,33559552
DA:70,42508
DA:71,42508
DA:72,42508
DA:73,42508
DA:74,42508
DA:77,33517044
DA:78,33559552
DA:81,67108864
DA:84,67108864
DA:86,67108864
DA:88,67108864
DA:89,33558528
DA:91,67108864
DA:95,33559552
DA:98,33559552
DA:102,404853787
DA:104,404853787
DA:105,404853787
DA:107,1090113910
DA:108,280406336
DA:110,404853787
DA:111,33558528
DA:112,33558528
DA:114,371295259
DA:115,33550336
DA:116,33550336
DA:120,337744923
DA:123,404853787
DA:130,10448157
DA:133,10448157
DA:136,10448157
DA:138,10448157
DA:139,10448157
DA:140,10448157
DA:143,31344471
DA:144,20896314
DA:147,10448157
DA:148,10720320
DA:149,8040240
DA:151,10448157
DA:154,35740216
DA:155,25292059
DA:157,10448157
DA:159,25292059
DA:160,14843902
DA:162,10448157
DA:163,10448157
DA:168,10448157
DA:171,193342713
DA:173,193342713
DA:174,193342713
DA:176,193342713
DA:177,115170673
DA:178,48051569
DA:179,48051569
DA:181,33559552
DA:182,33559552
DA:186,534760892
DA:187,215194570
DA:188,159783161
DA:190,159783161
DA:191,10405649
DA:192,10405649
DA:193,5201458
DA:196,159783161
DA:200,193342713
DA:203,140564321
DA:205,140564321
DA:206,140564321
DA:207,140564321
DA:210,140564321
DA:212,140564321
DA:214,140564321
DA:215,111659921
DA:217,28904400
DA:218,6229818
DA:219,6229818
DA:220,22674582
DA:221,7227274
DA:222,7227274
DA:224,15447308
DA:225,15447308
DA:228,28904400
DA:229,13251480
DA:231,13251480
DA:232,13251480
DA:233,13251480
DA:234,13251480
DA:235,13251480
DA:237,15652920
DA:238,8039063
DA:239,8039063
DA:240,8039063
DA:241,8039063
DA:242,8039063
DA:244,7613857
DA:245,5198674
DA:247,5198674
DA:248,5198674
DA:249,5198674
DA:250,5198674
DA:252,5198674
DA:254,2415183
DA:256,2415183
DA:257,2415183
DA:258,2415183
DA:259,2415183
DA:262,0
DA:264,28904400
DA:268,10266978
DA:273,10266978
DA:275,10266978
DA:277,10266978
DA:278,6849889
DA:279,6849889
DA:280,6849889
DA:281,6849889
DA:284,3417089
DA:285,3417089
DA:288,10266978
DA:292,3797126
DA:297,3797126
DA:299,3797126
DA:301,3797126
DA:302,2812095
DA:303,2812095
DA:304,2812095
DA:305,2812095
DA:308,985031
DA:309,985031
DA:312,3797126
DA:319,172556053
DA:322,172556053
DA:323,172556053
DA:324,172556053
DA:326,172556053
DA:328,172556053
DA:330,172556053
DA:331,36393852
DA:332,23897568
DA:333,23897568
DA:334,8193
DA:335,8193
DA:339,12496284
DA:341,36393852
DA:345,136162201
DA:346,0
DA:347,0
DA:350,136162201
DA:352,136162201
DA:354,136162201
DA:355,40403
DA:356,40403
DA:359,136162201
DA:368,33559552
DA:370,33559552
DA:372,33559552
DA:373,33559552
DA:375,104733541
DA:376,37614437
DA:377,37614437
DA:380,33559552
DA:382,33559552
DA:386,12496284
DA:392,12496284
DA:393,12496284
DA:395,12496284
DA:396,12496284
DA:398,12496284
DA:400,12496284
DA:401,6849889
DA:402,5646395
DA:403,2812095
DA:405,2834300
DA:406,2834300
DA:407,2834300
DA:408,2834300
DA:409,2834300
DA:410,2834300
DA:411,2834300
DA:414,12496284
DA:415,2105
DA:416,2105
DA:419,12496284
DA:430,53029243
DA:432,53029243
DA:433,53029243
DA:435,167720416
DA:436,61661930
DA:438,161698512
DA:439,55640026
DA:441,53029243
DA:443,53029243
DA:445,53029243
DA:449,53029243
DA:460,10448157
DA:464,31344471
DA:465,20896314
DA:466,20896314
DA:469,10448157
DA:471,10448157
DA:473,10448157
DA:477,10448157
DA:480,53029243
DA:484,114699743
DA:485,61670500
DA:486,61670500
DA:487,31855965
DA:490,53029243
DA:491,18487220
DA:492,53029243
DA:493,53029243
DA:502,53029243
DA:506,53029243
DA:508,109346738
DA:509,56317495
DA:510,56317495
DA:511,26502960
DA:514,53029243
DA:516,53029243
DA:517,21290543
DA:519,53029243
DA:520,53029243
DA:524,8193
DA:526,8193
DA:528,58894
DA:529,42508
DA:531,8193
DA:536,8193
DA:538,8193
DA:540,58894
DA:541,42508
DA:543,8193
DA:545,3
LF:265
LH:262
end_of_record
TN:
SF:/usr/include/c++/4.6/bits/basic_ios.h
FN:48,_ZSt13__check_facetISt5ctypeIcEERKT_PS3_
FN:129,_ZNKSt9basic_iosIcSt11char_traitsIcEE7rdstateEv
FN:149,_ZNSt9basic_iosIcSt11char_traitsIcEE8setstateESt12_Ios_Iostate
FN:441,_ZNKSt9basic_iosIcSt11char_traitsIcEE5widenEc
FNDA:0,_ZSt13__check_facetISt5ctypeIcEERKT_PS3_
FNDA:0,_ZNKSt9basic_iosIcSt11char_traitsIcEE7rdstateEv
FNDA:0,_ZNSt9basic_iosIcSt11char_traitsIcEE8setstateESt12_Ios_Iostate
FNDA:0,_ZNKSt9basic_iosIcSt11char_traitsIcEE5widenEc
FNF:4
FNH:0
DA:48,0
DA:50,0
DA:51,0
DA:52,0
DA:129,0
DA:130,0
DA:149,0
DA:150,0
DA:441,0
DA:442,0
LF:10
LH:0
end_of_record
SF:/usr/include/c++/4.6/bits/char_traits.h
FN:260,_ZNSt11char_traitsIcE6lengthEPKc
FNDA:0,_ZNSt11char_traitsIcE6lengthEPKc
FNF:1
FNH:0
DA:260,0
DA:261,0
LF:2
LH:0
end_of_record
SF:/usr/include/c++/4.6/bits/ios_base.h
FN:159,_ZStorSt12_Ios_IostateS_
FNDA:0,_ZStorSt12_Ios_IostateS_
FNF:1
FNH:0
DA:159,0
DA:160,0
LF:2
LH:0
end_of_record
SF:/usr/include/c++/4.6/bits/locale_facets.h
FN:866,_ZNKSt5ctypeIcE5widenEc
FN:1076,_ZNKSt5ctypeIcE8do_widenEc
FN:1099,_ZNKSt5ctypeIcE8do_widenEPKcS2_Pc
FN:1125,_ZNKSt5ctypeIcE9do_narrowEcc
FN:1151,_ZNKSt5ctypeIcE9do_narrowEPKcS2_cPc
FNDA:0,_ZNKSt5ctypeIcE5widenEc
FNDA:0,_ZNKSt5ctypeIcE8do_widenEc
FNDA:0,_ZNKSt5ctypeIcE8do_widenEPKcS2_Pc
FNDA:0,_ZNKSt5ctypeIcE9do_narrowEcc
FNDA:0,_ZNKSt5ctypeIcE9do_narrowEPKcS2_cPc
FNF:5
FNH:0
DA:866,0
DA:868,0
DA:869,0
DA:870,0
DA:871,0
DA:1076,0
DA:1077,0
DA:1099,0
DA:1101,0
DA:1102,0
DA:1125,0
DA:1126,0
DA:1151,0
DA:1154,0
DA:1155,0
LF:15
LH:0
end_of_record
SF:/usr/include/c++/4.6/iostream
DA:75,1
LF:1
LH:1
end_of_record
SF:/usr/include/c++/4.6/ostream
FN:110,_ZNSolsEPFRSoS_E
FN:510,_ZStlsISt11char_traitsIcEERSt13basic_ostreamIcT_ES5_PKc
FN:543,_ZSt4endlIcSt11char_traitsIcEERSt13basic_ostreamIT_T0_ES6_
FN:564,_ZSt5flushIcSt11char_traitsIcEERSt13basic_ostreamIT_T0_ES6_
FNDA:0,_ZNSolsEPFRSoS_E
FNDA:0,_ZStlsISt11char_traitsIcEERSt13basic_ostreamIcT_ES5_PKc
FNDA:0,_ZSt4endlIcSt11char_traitsIcEERSt13basic_ostreamIT_T0_ES6_
FNDA:0,_ZSt5flushIcSt11char_traitsIcEERSt13basic_ostreamIT_T0_ES6_
FNF:4
FNH:0
DA:110,0
DA:115,0
DA:510,0
DA:512,0
DA:513,0
DA:515,0
DA:517,0
DA:543,0
DA:544,0
DA:564,0
DA:565,0
LF:11
LH:0
end_of_record
SF:/home/yyang/research/code/btree/cpp/btreenode.cpp
FN:5,_ZN14BTreeNodeClassC2Ei
FN:27,_ZN14BTreeNodeClassC2Eii
FN:50,_ZN14BTreeNodeClassD2Ev
FN:57,_ZN14BTreeNodeClass8traverseEv
FN:80,_ZN14BTreeNodeClass14search_in_nodeEi
FN:89,_Z41__static_initialization_and_destruction_0ii
FN:89,_GLOBAL__sub_I__ZN14BTreeNodeClassC2Ei
FNDA:10448157,_ZN14BTreeNodeClassC2Ei
FNDA:50701,_ZN14BTreeNodeClassC2Eii
FNDA:10498858,_ZN14BTreeNodeClassD2Ev
FNDA:317,_ZN14BTreeNodeClass8traverseEv
FNDA:172556053,_ZN14BTreeNodeClass14search_in_nodeEi
FNDA:1,_GLOBAL__sub_I__ZN14BTreeNodeClassC2Ei
FNDA:1,_Z41__static_initialization_and_destruction_0ii
FNF:7
FNH:7
DA:5,10448157
DA:9,10448157
DA:10,10448157
DA:14,10448157
DA:15,10448157
DA:17,10448157
DA:18,73137099
DA:19,52240785
DA:20,52240785
DA:23,10448157
DA:25,10448157
DA:26,10448157
DA:27,50701
DA:30,50701
DA:31,50701
DA:35,50701
DA:36,50701
DA:38,50701
DA:39,354907
DA:40,253505
DA:41,253505
DA:44,50701
DA:46,50701
DA:47,50701
DA:50,10498858
DA:52,10498858
DA:53,10498858
DA:54,10498858
DA:57,317
DA:61,1341
DA:62,1024
DA:63,239
DA:64,1024
DA:65,1024
DA:66,785
DA:67,1024
DA:71,317
DA:72,77
DA:73,317
DA:80,172556053
DA:82,172556053
DA:85,619207870
DA:86,274095764
DA:88,172556053
DA:89,3
LF:45
LH:45
end_of_record
TN:
SF:/usr/include/c++/4.6/bits/basic_ios.h
FN:48,_ZSt13__check_facetISt5ctypeIcEERKT_PS3_
FN:129,_ZNKSt9basic_iosIcSt11char_traitsIcEE7rdstateEv
FN:149,_ZNSt9basic_iosIcSt11char_traitsIcEE8setstateESt12_Ios_Iostate
FN:441,_ZNKSt9basic_iosIcSt11char_traitsIcEE5widenEc
FNDA:0,_ZSt13__check_facetISt5ctypeIcEERKT_PS3_
FNDA:0,_ZNKSt9basic_iosIcSt11char_traitsIcEE7rdstateEv
FNDA:0,_ZNSt9basic_iosIcSt11char_traitsIcEE8setstateESt12_Ios_Iostate
FNDA:0,_ZNKSt9basic_iosIcSt11char_traitsIcEE5widenEc
FNF:4
FNH:0
DA:48,0
DA:50,0
DA:51,0
DA:52,0
DA:129,0
DA:130,0
DA:149,0
DA:150,0
DA:441,0
DA:442,0
LF:10
LH:0
end_of_record
SF:/usr/include/c++/4.6/bits/char_traits.h
FN:260,_ZNSt11char_traitsIcE6lengthEPKc
FNDA:0,_ZNSt11char_traitsIcE6lengthEPKc
FNF:1
FNH:0
DA:260,0
DA:261,0
LF:2
LH:0
end_of_record
SF:/usr/include/c++/4.6/bits/ios_base.h
FN:159,_ZStorSt12_Ios_IostateS_
FNDA:0,_ZStorSt12_Ios_IostateS_
FNF:1
FNH:0
DA:159,0
DA:160,0
LF:2
LH:0
end_of_record
SF:/usr/include/c++/4.6/bits/locale_facets.h
FN:866,_ZNKSt5ctypeIcE5widenEc
FN:1076,_ZNKSt5ctypeIcE8do_widenEc
FN:1099,_ZNKSt5ctypeIcE8do_widenEPKcS2_Pc
FN:1125,_ZNKSt5ctypeIcE9do_narrowEcc
FN:1151,_ZNKSt5ctypeIcE9do_narrowEPKcS2_cPc
FNDA:0,_ZNKSt5ctypeIcE5widenEc
FNDA:0,_ZNKSt5ctypeIcE8do_widenEc
FNDA:0,_ZNKSt5ctypeIcE8do_widenEPKcS2_Pc
FNDA:0,_ZNKSt5ctypeIcE9do_narrowEcc
FNDA:0,_ZNKSt5ctypeIcE9do_narrowEPKcS2_cPc
FNF:5
FNH:0
DA:866,0
DA:868,0
DA:869,0
DA:870,0
DA:871,0
DA:1076,0
DA:1077,0
DA:1099,0
DA:1101,0
DA:1102,0
DA:1125,0
DA:1126,0
DA:1151,0
DA:1154,0
DA:1155,0
LF:15
LH:0
end_of_record
SF:/usr/include/c++/4.6/iostream
DA:75,1
LF:1
LH:1
end_of_record
SF:/usr/include/c++/4.6/ostream
FN:110,_ZNSolsEPFRSoS_E
FN:510,_ZStlsISt11char_traitsIcEERSt13basic_ostreamIcT_ES5_PKc
FN:543,_ZSt4endlIcSt11char_traitsIcEERSt13basic_ostreamIT_T0_ES6_
FN:564,_ZSt5flushIcSt11char_traitsIcEERSt13basic_ostreamIT_T0_ES6_
FNDA:0,_ZNSolsEPFRSoS_E
FNDA:0,_ZStlsISt11char_traitsIcEERSt13basic_ostreamIcT_ES5_PKc
FNDA:0,_ZSt4endlIcSt11char_traitsIcEERSt13basic_ostreamIT_T0_ES6_
FNDA:0,_ZSt5flushIcSt11char_traitsIcEERSt13basic_ostreamIT_T0_ES6_
FNF:4
FNH:0
DA:110,0
DA:115,0
DA:510,0
DA:512,0
DA:513,0
DA:515,0
DA:517,0
DA:543,0
DA:544,0
DA:564,0
DA:565,0
LF:11
LH:0
end_of_record
SF:/home/yyang/research/code/btree/cpp/main.cpp
FN:9,_ZL13shuffle_arrayPii
FN:24,_ZL12create_arrayPiii
FN:45,_ZL11reset_arrayPii
FN:54,_ZL4tc_0P10BTreeClass
FN:111,_ZL4tc_1P10BTreeClass
FN:152,main
FN:198,_Z41__static_initialization_and_destruction_0ii
FN:198,_GLOBAL__sub_I_main
FNDA:8193,_ZL13shuffle_arrayPii
FNDA:8193,_ZL12create_arrayPiii
FNDA:8195,_ZL11reset_arrayPii
FNDA:1,_ZL4tc_0P10BTreeClass
FNDA:1,_ZL4tc_1P10BTreeClass
FNDA:1,main
FNDA:1,_GLOBAL__sub_I_main
FNDA:1,_Z41__static_initialization_and_destruction_0ii
FNF:8
FNH:8
DA:9,8193
DA:14,33559552
DA:15,33551359
DA:16,33551359
DA:17,33551359
DA:18,33551359
DA:21,8193
DA:24,8193
DA:28,8193
DA:30,268038045
DA:31,268029852
DA:32,268029852
DA:33,268029852
DA:35,33559552
DA:38,8193
DA:40,8193
DA:42,8193
DA:45,8195
DA:49,67127299
DA:50,67119104
DA:51,8195
DA:54,1
DA:60,1
DA:63,1
DA:65,1
DA:67,8193
DA:69,8192
DA:71,33566720
DA:72,33558528
DA:74,8192
DA:75,8192
DA:76,8192
DA:79,67117056
DA:80,67108864
DA:81,67108864
DA:82,33558528
DA:83,33550336
DA:84,33550336
DA:85,0
DA:86,0
DA:90,33566720
DA:91,33558528
DA:93,8192
DA:95,8192
DA:97,8192
DA:98,0
DA:101,1
DA:102,0
DA:104,1
DA:111,1
DA:118,1
DA:120,1
DA:122,1
DA:124,1
DA:126,1025
DA:127,1024
DA:129,1
DA:130,1
DA:131,1
DA:133,1
DA:136,1025
DA:137,1024
DA:139,1
DA:140,1
DA:142,1
DA:145,1
DA:146,0
DA:148,1
DA:152,1
DA:156,1
DA:158,1
DA:160,1
DA:161,1
DA:163,1
DA:164,0
DA:196,1
DA:198,3
LF:77
LH:71
end_of_record
